<?xml version="1.0" encoding="UTF-8"?>
<!-- Generated by org.testng.reporters.JUnitXMLReporter -->
<testsuite ignored="0" hostname="LAPTOP-TA55IDD4" failures="1" tests="2" name="Task1" time="57.428" errors="0" timestamp="2022-12-27T13:43:25 GMT">
  <testcase classname="Slide_7.Calendar_task" name="Calendar_Homepage" time="33.578"/>
  <testcase classname="Slide_7.Calendar_task" name="calendar_page" time="6.344">
    <failure type="java.lang.AssertionError" message="The following asserts failed:
	expected [https://hyrtutorials.com] but found [https://www.hyrtutorials.com/p/calendar-practice.html]">
      <![CDATA[java.lang.AssertionError: The following asserts failed:
expected [https://hyrtutorials.com] but found [https://www.hyrtutorials.com/p/calendar-practice.html]
at Slide_7.Calendar_task.calendar_page(Calendar_task.java:50)
at java.base/java.util.ArrayList.forEach(ArrayList.java:1541)
... Removed 29 stack frames]]>
    </failure>
  </testcase> <!-- calendar_page -->
</testsuite> <!-- Task1 -->
